# JRE version: OpenJDK Runtime Environment (21.0.8) (build 21.0.8+-14018985-b1038.68)
# Java VM: OpenJDK 64-Bit Server VM (21.0.8+-14018985-b1038.68, mixed mode, tiered, compressed oops, compressed class ptrs, g1 gc, windows-amd64)
GC Precious Log:
 CardTable entry size: 512
 Card Set container configuration: InlinePtr #cards 5 size 8 Array Of Cards #cards 12 size 40 Howl #buckets 4 coarsen threshold 1843 Howl Bitmap #cards 512 size 80 coarsen threshold 460 Card regions per heap region 1 cards per card region 2048
 CPUs: 12 total, 12 available
 Memory: 7955M
 Large Page Support: Disabled
 NUMA Support: Disabled
 Compressed Oops: Enabled (32-bit)
 Heap Region Size: 1M
 Heap Min Capacity: 8M
 Heap Initial Capacity: 126M
 Heap Max Capacity: 2G
 Pre-touch: Disabled
 Parallel Workers: 10
 Concurrent Workers: 3
 Concurrent Refinement Workers: 10
 Periodic GC: Disabled
Heap:
 garbage-first heap   total 185344K, used 111255K [0x0000000080000000, 0x0000000100000000)
  region size 1024K, 19 young (19456K), 4 survivors (4096K)
 Metaspace       used 65464K, committed 67136K, reserved 1114112K
  class space    used 9251K, committed 10048K, reserved 1048576K
GC Heap History (20 events):
Event: 2.490 GC heap before
{Heap before GC invocations=6 (full 0):
 garbage-first heap   total 71680K, used 56153K [0x0000000080000000, 0x0000000100000000)
  region size 1024K, 39 young (39936K), 5 survivors (5120K)
 Metaspace       used 32633K, committed 33344K, reserved 1114112K
  class space    used 4434K, committed 4736K, reserved 1048576K
}
Event: 2.497 GC heap after
{Heap after GC invocations=7 (full 0):
 garbage-first heap   total 71680K, used 25016K [0x0000000080000000, 0x0000000100000000)
  region size 1024K, 5 young (5120K), 5 survivors (5120K)
 Metaspace       used 32633K, committed 33344K, reserved 1114112K
  class space    used 4434K, committed 4736K, reserved 1048576K
}
Event: 2.687 GC heap before
{Heap before GC invocations=7 (full 0):
 garbage-first heap   total 71680K, used 43448K [0x0000000080000000, 0x0000000100000000)
  region size 1024K, 24 young (24576K), 5 survivors (5120K)
 Metaspace       used 35272K, committed 36096K, reserved 1114112K
  class space    used 4913K, committed 5312K, reserved 1048576K
}
Event: 2.691 GC heap after
{Heap after GC invocations=8 (full 0):
 garbage-first heap   total 86016K, used 26144K [0x0000000080000000, 0x0000000100000000)
  region size 1024K, 2 young (2048K), 2 survivors (2048K)
 Metaspace       used 35272K, committed 36096K, reserved 1114112K
  class space    used 4913K, committed 5312K, reserved 1048576K
}
Event: 3.049 GC heap before
{Heap before GC invocations=9 (full 0):
 garbage-first heap   total 86016K, used 83488K [0x0000000080000000, 0x0000000100000000)
  region size 1024K, 31 young (31744K), 2 survivors (2048K)
 Metaspace       used 38276K, committed 39168K, reserved 1114112K
  class space    used 5380K, committed 5824K, reserved 1048576K
}
Event: 3.054 GC heap after
{Heap after GC invocations=10 (full 0):
 garbage-first heap   total 93184K, used 60872K [0x0000000080000000, 0x0000000100000000)
  region size 1024K, 6 young (6144K), 6 survivors (6144K)
 Metaspace       used 38276K, committed 39168K, reserved 1114112K
  class space    used 5380K, committed 5824K, reserved 1048576K
}
Event: 3.256 GC heap before
{Heap before GC invocations=10 (full 0):
 garbage-first heap   total 93184K, used 80328K [0x0000000080000000, 0x0000000100000000)
  region size 1024K, 25 young (25600K), 6 survivors (6144K)
 Metaspace       used 41127K, committed 42112K, reserved 1114112K
  class space    used 5859K, committed 6336K, reserved 1048576K
}
Event: 3.260 GC heap after
{Heap after GC invocations=11 (full 0):
 garbage-first heap   total 93184K, used 62156K [0x0000000080000000, 0x0000000100000000)
  region size 1024K, 2 young (2048K), 2 survivors (2048K)
 Metaspace       used 41127K, committed 42112K, reserved 1114112K
  class space    used 5859K, committed 6336K, reserved 1048576K
}
Event: 3.509 GC heap before
{Heap before GC invocations=11 (full 0):
 garbage-first heap   total 93184K, used 82636K [0x0000000080000000, 0x0000000100000000)
  region size 1024K, 23 young (23552K), 2 survivors (2048K)
 Metaspace       used 46103K, committed 47040K, reserved 1114112K
  class space    used 6368K, committed 6848K, reserved 1048576K
}
Event: 3.512 GC heap after
{Heap after GC invocations=12 (full 0):
 garbage-first heap   total 93184K, used 64984K [0x0000000080000000, 0x0000000100000000)
  region size 1024K, 3 young (3072K), 3 survivors (3072K)
 Metaspace       used 46103K, committed 47040K, reserved 1114112K
  class space    used 6368K, committed 6848K, reserved 1048576K
}
Event: 3.592 GC heap before
{Heap before GC invocations=13 (full 0):
 garbage-first heap   total 109568K, used 83416K [0x0000000080000000, 0x0000000100000000)
  region size 1024K, 21 young (21504K), 3 survivors (3072K)
 Metaspace       used 46323K, committed 47296K, reserved 1114112K
  class space    used 6384K, committed 6848K, reserved 1048576K
}
Event: 3.597 GC heap after
{Heap after GC invocations=14 (full 0):
 garbage-first heap   total 132096K, used 67574K [0x0000000080000000, 0x0000000100000000)
  region size 1024K, 3 young (3072K), 3 survivors (3072K)
 Metaspace       used 46323K, committed 47296K, reserved 1114112K
  class space    used 6384K, committed 6848K, reserved 1048576K
}
Event: 4.089 GC heap before
{Heap before GC invocations=14 (full 0):
 garbage-first heap   total 132096K, used 119798K [0x0000000080000000, 0x0000000100000000)
  region size 1024K, 50 young (51200K), 3 survivors (3072K)
 Metaspace       used 52139K, committed 53440K, reserved 1114112K
  class space    used 7203K, committed 7808K, reserved 1048576K
}
Event: 4.095 GC heap after
{Heap after GC invocations=15 (full 0):
 garbage-first heap   total 132096K, used 70137K [0x0000000080000000, 0x0000000100000000)
  region size 1024K, 5 young (5120K), 5 survivors (5120K)
 Metaspace       used 52139K, committed 53440K, reserved 1114112K
  class space    used 7203K, committed 7808K, reserved 1048576K
}
Event: 4.544 GC heap before
{Heap before GC invocations=15 (full 0):
 garbage-first heap   total 132096K, used 115193K [0x0000000080000000, 0x0000000100000000)
  region size 1024K, 50 young (51200K), 5 survivors (5120K)
 Metaspace       used 57367K, committed 58880K, reserved 1114112K
  class space    used 8122K, committed 8832K, reserved 1048576K
}
Event: 4.548 GC heap after
{Heap after GC invocations=16 (full 0):
 garbage-first heap   total 132096K, used 73195K [0x0000000080000000, 0x0000000100000000)
  region size 1024K, 7 young (7168K), 7 survivors (7168K)
 Metaspace       used 57367K, committed 58880K, reserved 1114112K
  class space    used 8122K, committed 8832K, reserved 1048576K
}
Event: 4.910 GC heap before
{Heap before GC invocations=17 (full 0):
 garbage-first heap   total 132096K, used 130539K [0x0000000080000000, 0x0000000100000000)
  region size 1024K, 46 young (47104K), 7 survivors (7168K)
 Metaspace       used 59874K, committed 61376K, reserved 1114112K
  class space    used 8344K, committed 9088K, reserved 1048576K
}
Event: 4.918 GC heap after
{Heap after GC invocations=18 (full 0):
 garbage-first heap   total 143360K, used 94117K [0x0000000080000000, 0x0000000100000000)
  region size 1024K, 7 young (7168K), 7 survivors (7168K)
 Metaspace       used 59874K, committed 61376K, reserved 1114112K
  class space    used 8344K, committed 9088K, reserved 1048576K
}
Event: 5.298 GC heap before
{Heap before GC invocations=18 (full 0):
 garbage-first heap   total 143360K, used 128933K [0x0000000080000000, 0x0000000100000000)
  region size 1024K, 41 young (41984K), 7 survivors (7168K)
 Metaspace       used 63702K, committed 65408K, reserved 1114112K
  class space    used 8983K, committed 9792K, reserved 1048576K
}
Event: 5.306 GC heap after
{Heap after GC invocations=19 (full 0):
 garbage-first heap   total 185344K, used 96919K [0x0000000080000000, 0x0000000100000000)
  region size 1024K, 4 young (4096K), 4 survivors (4096K)
 Metaspace       used 63702K, committed 65408K, reserved 1114112K
  class space    used 8983K, committed 9792K, reserved 1048576K
}

