# JRE version: OpenJDK Runtime Environment (21.0.8) (build 21.0.8+-14018985-b1038.68)
# Java VM: OpenJDK 64-Bit Server VM (21.0.8+-14018985-b1038.68, mixed mode, tiered, compressed oops, compressed class ptrs, g1 gc, windows-amd64)
GC Precious Log:
 CardTable entry size: 512
 Card Set container configuration: InlinePtr #cards 5 size 8 Array Of Cards #cards 12 size 40 Howl #buckets 4 coarsen threshold 1843 Howl Bitmap #cards 512 size 80 coarsen threshold 460 Card regions per heap region 1 cards per card region 2048
 CPUs: 12 total, 12 available
 Memory: 7955M
 Large Page Support: Disabled
 NUMA Support: Disabled
 Compressed Oops: Enabled (32-bit)
 Heap Region Size: 1M
 Heap Min Capacity: 8M
 Heap Initial Capacity: 126M
 Heap Max Capacity: 2G
 Pre-touch: Disabled
 Parallel Workers: 10
 Concurrent Workers: 3
 Concurrent Refinement Workers: 10
 Periodic GC: Disabled
Heap:
 garbage-first heap   total 171008K, used 112515K [0x0000000080000000, 0x0000000100000000)
  region size 1024K, 16 young (16384K), 6 survivors (6144K)
 Metaspace       used 72459K, committed 74112K, reserved 1114112K
  class space    used 10217K, committed 11008K, reserved 1048576K
GC Heap History (20 events):
Event: 4.032 GC heap before
{Heap before GC invocations=13 (full 0):
 garbage-first heap   total 109568K, used 85772K [0x0000000080000000, 0x0000000100000000)
  region size 1024K, 24 young (24576K), 4 survivors (4096K)
 Metaspace       used 46784K, committed 47744K, reserved 1114112K
  class space    used 6462K, committed 6912K, reserved 1048576K
}
Event: 4.036 GC heap after
{Heap after GC invocations=14 (full 0):
 garbage-first heap   total 132096K, used 66925K [0x0000000080000000, 0x0000000100000000)
  region size 1024K, 2 young (2048K), 2 survivors (2048K)
 Metaspace       used 46784K, committed 47744K, reserved 1114112K
  class space    used 6462K, committed 6912K, reserved 1048576K
}
Event: 4.547 GC heap before
{Heap before GC invocations=14 (full 0):
 garbage-first heap   total 132096K, used 118125K [0x0000000080000000, 0x0000000100000000)
  region size 1024K, 47 young (48128K), 2 survivors (2048K)
 Metaspace       used 52659K, committed 54016K, reserved 1114112K
  class space    used 7291K, committed 7936K, reserved 1048576K
}
Event: 4.551 GC heap after
{Heap after GC invocations=15 (full 0):
 garbage-first heap   total 132096K, used 69865K [0x0000000080000000, 0x0000000100000000)
  region size 1024K, 5 young (5120K), 5 survivors (5120K)
 Metaspace       used 52659K, committed 54016K, reserved 1114112K
  class space    used 7291K, committed 7936K, reserved 1048576K
}
Event: 5.023 GC heap before
{Heap before GC invocations=15 (full 0):
 garbage-first heap   total 132096K, used 110825K [0x0000000080000000, 0x0000000100000000)
  region size 1024K, 46 young (47104K), 5 survivors (5120K)
 Metaspace       used 57370K, committed 58816K, reserved 1114112K
  class space    used 8120K, committed 8832K, reserved 1048576K
}
Event: 5.028 GC heap after
{Heap after GC invocations=16 (full 0):
 garbage-first heap   total 132096K, used 72675K [0x0000000080000000, 0x0000000100000000)
  region size 1024K, 6 young (6144K), 6 survivors (6144K)
 Metaspace       used 57370K, committed 58816K, reserved 1114112K
  class space    used 8120K, committed 8832K, reserved 1048576K
}
Event: 5.432 GC heap before
{Heap before GC invocations=17 (full 0):
 garbage-first heap   total 132096K, used 118755K [0x0000000080000000, 0x0000000100000000)
  region size 1024K, 50 young (51200K), 6 survivors (6144K)
 Metaspace       used 60717K, committed 62144K, reserved 1114112K
  class space    used 8676K, committed 9344K, reserved 1048576K
}
Event: 5.440 GC heap after
{Heap after GC invocations=18 (full 0):
 garbage-first heap   total 132096K, used 77771K [0x0000000080000000, 0x0000000100000000)
  region size 1024K, 6 young (6144K), 6 survivors (6144K)
 Metaspace       used 60717K, committed 62144K, reserved 1114112K
  class space    used 8676K, committed 9344K, reserved 1048576K
}
Event: 5.566 GC heap before
{Heap before GC invocations=18 (full 0):
 garbage-first heap   total 132096K, used 117707K [0x0000000080000000, 0x0000000100000000)
  region size 1024K, 45 young (46080K), 6 survivors (6144K)
 Metaspace       used 60773K, committed 62208K, reserved 1114112K
  class space    used 8678K, committed 9344K, reserved 1048576K
}
Event: 5.573 GC heap after
{Heap after GC invocations=19 (full 0):
 garbage-first heap   total 132096K, used 78790K [0x0000000080000000, 0x0000000100000000)
  region size 1024K, 5 young (5120K), 5 survivors (5120K)
 Metaspace       used 60773K, committed 62208K, reserved 1114112K
  class space    used 8678K, committed 9344K, reserved 1048576K
}
Event: 5.665 GC heap before
{Heap before GC invocations=19 (full 0):
 garbage-first heap   total 132096K, used 118726K [0x0000000080000000, 0x0000000100000000)
  region size 1024K, 44 young (45056K), 5 survivors (5120K)
 Metaspace       used 60779K, committed 62208K, reserved 1114112K
  class space    used 8678K, committed 9344K, reserved 1048576K
}
Event: 5.671 GC heap after
{Heap after GC invocations=20 (full 0):
 garbage-first heap   total 171008K, used 79912K [0x0000000080000000, 0x0000000100000000)
  region size 1024K, 3 young (3072K), 3 survivors (3072K)
 Metaspace       used 60779K, committed 62208K, reserved 1114112K
  class space    used 8678K, committed 9344K, reserved 1048576K
}
Event: 6.253 GC heap before
{Heap before GC invocations=21 (full 0):
 garbage-first heap   total 171008K, used 156712K [0x0000000080000000, 0x0000000100000000)
  region size 1024K, 72 young (73728K), 3 survivors (3072K)
 Metaspace       used 64151K, committed 65664K, reserved 1114112K
  class space    used 9088K, committed 9792K, reserved 1048576K
}
Event: 6.257 GC heap after
{Heap after GC invocations=22 (full 0):
 garbage-first heap   total 171008K, used 91156K [0x0000000080000000, 0x0000000100000000)
  region size 1024K, 7 young (7168K), 7 survivors (7168K)
 Metaspace       used 64151K, committed 65664K, reserved 1114112K
  class space    used 9088K, committed 9792K, reserved 1048576K
}
Event: 6.556 GC heap before
{Heap before GC invocations=22 (full 0):
 garbage-first heap   total 171008K, used 153620K [0x0000000080000000, 0x0000000100000000)
  region size 1024K, 68 young (69632K), 7 survivors (7168K)
 Metaspace       used 64845K, committed 66304K, reserved 1114112K
  class space    used 9157K, committed 9856K, reserved 1048576K
}
Event: 6.561 GC heap after
{Heap after GC invocations=23 (full 0):
 garbage-first heap   total 171008K, used 91670K [0x0000000080000000, 0x0000000100000000)
  region size 1024K, 6 young (6144K), 6 survivors (6144K)
 Metaspace       used 64845K, committed 66304K, reserved 1114112K
  class space    used 9157K, committed 9856K, reserved 1048576K
}
Event: 6.579 GC heap before
{Heap before GC invocations=23 (full 0):
 garbage-first heap   total 171008K, used 91670K [0x0000000080000000, 0x0000000100000000)
  region size 1024K, 7 young (7168K), 6 survivors (6144K)
 Metaspace       used 64892K, committed 66432K, reserved 1114112K
  class space    used 9167K, committed 9856K, reserved 1048576K
}
Event: 6.583 GC heap after
{Heap after GC invocations=24 (full 0):
 garbage-first heap   total 171008K, used 91771K [0x0000000080000000, 0x0000000100000000)
  region size 1024K, 2 young (2048K), 2 survivors (2048K)
 Metaspace       used 64892K, committed 66432K, reserved 1114112K
  class space    used 9167K, committed 9856K, reserved 1048576K
}
Event: 7.235 GC heap before
{Heap before GC invocations=25 (full 0):
 garbage-first heap   total 171008K, used 162427K [0x0000000080000000, 0x0000000100000000)
  region size 1024K, 63 young (64512K), 2 survivors (2048K)
 Metaspace       used 71229K, committed 72832K, reserved 1114112K
  class space    used 10033K, committed 10816K, reserved 1048576K
}
Event: 7.241 GC heap after
{Heap after GC invocations=26 (full 0):
 garbage-first heap   total 171008K, used 103299K [0x0000000080000000, 0x0000000100000000)
  region size 1024K, 6 young (6144K), 6 survivors (6144K)
 Metaspace       used 71229K, committed 72832K, reserved 1114112K
  class space    used 10033K, committed 10816K, reserved 1048576K
}

