# JRE version: OpenJDK Runtime Environment (21.0.8) (build 21.0.8+-14018985-b1038.68)
# Java VM: OpenJDK 64-Bit Server VM (21.0.8+-14018985-b1038.68, mixed mode, tiered, compressed oops, compressed class ptrs, g1 gc, windows-amd64)
GC Precious Log:
 CardTable entry size: 512
 Card Set container configuration: InlinePtr #cards 5 size 8 Array Of Cards #cards 12 size 40 Howl #buckets 4 coarsen threshold 1843 Howl Bitmap #cards 512 size 80 coarsen threshold 460 Card regions per heap region 1 cards per card region 2048
 CPUs: 12 total, 12 available
 Memory: 7955M
 Large Page Support: Disabled
 NUMA Support: Disabled
 Compressed Oops: Enabled (32-bit)
 Heap Region Size: 1M
 Heap Min Capacity: 8M
 Heap Initial Capacity: 126M
 Heap Max Capacity: 2G
 Pre-touch: Disabled
 Parallel Workers: 10
 Concurrent Workers: 3
 Concurrent Refinement Workers: 10
 Periodic GC: Disabled
Heap:
 garbage-first heap   total 109568K, used 70160K [0x0000000080000000, 0x0000000100000000)
  region size 1024K, 7 young (7168K), 3 survivors (3072K)
 Metaspace       used 47012K, committed 48064K, reserved 1114112K
  class space    used 6504K, committed 6976K, reserved 1048576K
GC Heap History (20 events):
Event: 0.894 GC heap before
{Heap before GC invocations=1 (full 0):
 garbage-first heap   total 129024K, used 41279K [0x0000000080000000, 0x0000000100000000)
  region size 1024K, 39 young (39936K), 3 survivors (3072K)
 Metaspace       used 12353K, committed 12544K, reserved 1114112K
  class space    used 1346K, committed 1408K, reserved 1048576K
}
Event: 0.901 GC heap after
{Heap after GC invocations=2 (full 0):
 garbage-first heap   total 129024K, used 10758K [0x0000000080000000, 0x0000000100000000)
  region size 1024K, 5 young (5120K), 5 survivors (5120K)
 Metaspace       used 12353K, committed 12544K, reserved 1114112K
  class space    used 1346K, committed 1408K, reserved 1048576K
}
Event: 1.409 GC heap before
{Heap before GC invocations=2 (full 0):
 garbage-first heap   total 129024K, used 62982K [0x0000000080000000, 0x0000000100000000)
  region size 1024K, 55 young (56320K), 5 survivors (5120K)
 Metaspace       used 16034K, committed 16256K, reserved 1114112K
  class space    used 1859K, committed 1984K, reserved 1048576K
}
Event: 1.418 GC heap after
{Heap after GC invocations=3 (full 0):
 garbage-first heap   total 129024K, used 18099K [0x0000000080000000, 0x0000000100000000)
  region size 1024K, 6 young (6144K), 6 survivors (6144K)
 Metaspace       used 16034K, committed 16256K, reserved 1114112K
  class space    used 1859K, committed 1984K, reserved 1048576K
}
Event: 1.734 GC heap before
{Heap before GC invocations=3 (full 0):
 garbage-first heap   total 129024K, used 34483K [0x0000000080000000, 0x0000000100000000)
  region size 1024K, 23 young (23552K), 6 survivors (6144K)
 Metaspace       used 21271K, committed 21504K, reserved 1114112K
  class space    used 2523K, committed 2624K, reserved 1048576K
}
Event: 1.737 GC heap after
{Heap after GC invocations=4 (full 0):
 garbage-first heap   total 129024K, used 20275K [0x0000000080000000, 0x0000000100000000)
  region size 1024K, 3 young (3072K), 3 survivors (3072K)
 Metaspace       used 21271K, committed 21504K, reserved 1114112K
  class space    used 2523K, committed 2624K, reserved 1048576K
}
Event: 2.347 GC heap before
{Heap before GC invocations=5 (full 0):
 garbage-first heap   total 71680K, used 69427K [0x0000000080000000, 0x0000000100000000)
  region size 1024K, 52 young (53248K), 3 survivors (3072K)
 Metaspace       used 29539K, committed 30016K, reserved 1114112K
  class space    used 3877K, committed 4096K, reserved 1048576K
}
Event: 2.351 GC heap after
{Heap after GC invocations=6 (full 0):
 garbage-first heap   total 76800K, used 22917K [0x0000000080000000, 0x0000000100000000)
  region size 1024K, 5 young (5120K), 5 survivors (5120K)
 Metaspace       used 29539K, committed 30016K, reserved 1114112K
  class space    used 3877K, committed 4096K, reserved 1048576K
}
Event: 2.822 GC heap before
{Heap before GC invocations=6 (full 0):
 garbage-first heap   total 76800K, used 60805K [0x0000000080000000, 0x0000000100000000)
  region size 1024K, 42 young (43008K), 5 survivors (5120K)
 Metaspace       used 34512K, committed 35328K, reserved 1114112K
  class space    used 4762K, committed 5120K, reserved 1048576K
}
Event: 2.826 GC heap after
{Heap after GC invocations=7 (full 0):
 garbage-first heap   total 76800K, used 25458K [0x0000000080000000, 0x0000000100000000)
  region size 1024K, 6 young (6144K), 6 survivors (6144K)
 Metaspace       used 34512K, committed 35328K, reserved 1114112K
  class space    used 4762K, committed 5120K, reserved 1048576K
}
Event: 2.874 GC heap before
{Heap before GC invocations=7 (full 0):
 garbage-first heap   total 76800K, used 29554K [0x0000000080000000, 0x0000000100000000)
  region size 1024K, 11 young (11264K), 6 survivors (6144K)
 Metaspace       used 35223K, committed 35968K, reserved 1114112K
  class space    used 4898K, committed 5248K, reserved 1048576K
}
Event: 2.877 GC heap after
{Heap after GC invocations=8 (full 0):
 garbage-first heap   total 76800K, used 25528K [0x0000000080000000, 0x0000000100000000)
  region size 1024K, 3 young (3072K), 3 survivors (3072K)
 Metaspace       used 35223K, committed 35968K, reserved 1114112K
  class space    used 4898K, committed 5248K, reserved 1048576K
}
Event: 3.113 GC heap before
{Heap before GC invocations=9 (full 0):
 garbage-first heap   total 76800K, used 75704K [0x0000000080000000, 0x0000000100000000)
  region size 1024K, 25 young (25600K), 3 survivors (3072K)
 Metaspace       used 37212K, committed 38144K, reserved 1114112K
  class space    used 5263K, committed 5696K, reserved 1048576K
}
Event: 3.119 GC heap after
{Heap after GC invocations=10 (full 0):
 garbage-first heap   total 86016K, used 60264K [0x0000000080000000, 0x0000000100000000)
  region size 1024K, 6 young (6144K), 6 survivors (6144K)
 Metaspace       used 37212K, committed 38144K, reserved 1114112K
  class space    used 5263K, committed 5696K, reserved 1048576K
}
Event: 3.251 GC heap before
{Heap before GC invocations=10 (full 0):
 garbage-first heap   total 86016K, used 74600K [0x0000000080000000, 0x0000000100000000)
  region size 1024K, 20 young (20480K), 6 survivors (6144K)
 Metaspace       used 39152K, committed 40064K, reserved 1114112K
  class space    used 5525K, committed 5952K, reserved 1048576K
}
Event: 3.255 GC heap after
{Heap after GC invocations=11 (full 0):
 garbage-first heap   total 103424K, used 61686K [0x0000000080000000, 0x0000000100000000)
  region size 1024K, 1 young (1024K), 1 survivors (1024K)
 Metaspace       used 39152K, committed 40064K, reserved 1114112K
  class space    used 5525K, committed 5952K, reserved 1048576K
}
Event: 3.616 GC heap before
{Heap before GC invocations=11 (full 0):
 garbage-first heap   total 103424K, used 90358K [0x0000000080000000, 0x0000000100000000)
  region size 1024K, 30 young (30720K), 1 survivors (1024K)
 Metaspace       used 45383K, committed 46336K, reserved 1114112K
  class space    used 6320K, committed 6784K, reserved 1048576K
}
Event: 3.619 GC heap after
{Heap after GC invocations=12 (full 0):
 garbage-first heap   total 103424K, used 64951K [0x0000000080000000, 0x0000000100000000)
  region size 1024K, 4 young (4096K), 4 survivors (4096K)
 Metaspace       used 45383K, committed 46336K, reserved 1114112K
  class space    used 6320K, committed 6784K, reserved 1048576K
}
Event: 3.815 GC heap before
{Heap before GC invocations=13 (full 0):
 garbage-first heap   total 109568K, used 91575K [0x0000000080000000, 0x0000000100000000)
  region size 1024K, 31 young (31744K), 4 survivors (4096K)
 Metaspace       used 46612K, committed 47552K, reserved 1114112K
  class space    used 6431K, committed 6912K, reserved 1048576K
}
Event: 3.819 GC heap after
{Heap after GC invocations=14 (full 0):
 garbage-first heap   total 109568K, used 67088K [0x0000000080000000, 0x0000000100000000)
  region size 1024K, 3 young (3072K), 3 survivors (3072K)
 Metaspace       used 46612K, committed 47552K, reserved 1114112K
  class space    used 6431K, committed 6912K, reserved 1048576K
}

