# JRE version: OpenJDK Runtime Environment (21.0.8) (build 21.0.8+-14018985-b1038.68)
# Java VM: OpenJDK 64-Bit Server VM (21.0.8+-14018985-b1038.68, mixed mode, tiered, compressed oops, compressed class ptrs, g1 gc, windows-amd64)
GC Precious Log:
 CardTable entry size: 512
 Card Set container configuration: InlinePtr #cards 5 size 8 Array Of Cards #cards 12 size 40 Howl #buckets 4 coarsen threshold 1843 Howl Bitmap #cards 512 size 80 coarsen threshold 460 Card regions per heap region 1 cards per card region 2048
 CPUs: 12 total, 12 available
 Memory: 7955M
 Large Page Support: Disabled
 NUMA Support: Disabled
 Compressed Oops: Enabled (32-bit)
 Heap Region Size: 1M
 Heap Min Capacity: 8M
 Heap Initial Capacity: 126M
 Heap Max Capacity: 2G
 Pre-touch: Disabled
 Parallel Workers: 10
 Concurrent Workers: 3
 Concurrent Refinement Workers: 10
 Periodic GC: Disabled
Heap:
 garbage-first heap   total 93184K, used 65797K [0x0000000080000000, 0x0000000100000000)
  region size 1024K, 4 young (4096K), 3 survivors (3072K)
 Metaspace       used 46199K, committed 47168K, reserved 1114112K
  class space    used 6373K, committed 6848K, reserved 1048576K
GC Heap History (20 events):
Event: 0.395 GC heap before
{Heap before GC invocations=0 (full 0):
 garbage-first heap   total 129024K, used 22528K [0x0000000080000000, 0x0000000100000000)
  region size 1024K, 23 young (23552K), 0 survivors (0K)
 Metaspace       used 8115K, committed 8256K, reserved 1114112K
  class space    used 749K, committed 832K, reserved 1048576K
}
Event: 0.398 GC heap after
{Heap after GC invocations=1 (full 0):
 garbage-first heap   total 129024K, used 2367K [0x0000000080000000, 0x0000000100000000)
  region size 1024K, 3 young (3072K), 3 survivors (3072K)
 Metaspace       used 8115K, committed 8256K, reserved 1114112K
  class space    used 749K, committed 832K, reserved 1048576K
}
Event: 0.900 GC heap before
{Heap before GC invocations=1 (full 0):
 garbage-first heap   total 129024K, used 41279K [0x0000000080000000, 0x0000000100000000)
  region size 1024K, 39 young (39936K), 3 survivors (3072K)
 Metaspace       used 12380K, committed 12608K, reserved 1114112K
  class space    used 1352K, committed 1472K, reserved 1048576K
}
Event: 0.906 GC heap after
{Heap after GC invocations=2 (full 0):
 garbage-first heap   total 129024K, used 10615K [0x0000000080000000, 0x0000000100000000)
  region size 1024K, 5 young (5120K), 5 survivors (5120K)
 Metaspace       used 12380K, committed 12608K, reserved 1114112K
  class space    used 1352K, committed 1472K, reserved 1048576K
}
Event: 1.361 GC heap before
{Heap before GC invocations=2 (full 0):
 garbage-first heap   total 129024K, used 61815K [0x0000000080000000, 0x0000000100000000)
  region size 1024K, 53 young (54272K), 5 survivors (5120K)
 Metaspace       used 15559K, committed 15872K, reserved 1114112K
  class space    used 1794K, committed 1920K, reserved 1048576K
}
Event: 1.369 GC heap after
{Heap after GC invocations=3 (full 0):
 garbage-first heap   total 129024K, used 18293K [0x0000000080000000, 0x0000000100000000)
  region size 1024K, 6 young (6144K), 6 survivors (6144K)
 Metaspace       used 15559K, committed 15872K, reserved 1114112K
  class space    used 1794K, committed 1920K, reserved 1048576K
}
Event: 1.706 GC heap before
{Heap before GC invocations=3 (full 0):
 garbage-first heap   total 129024K, used 35701K [0x0000000080000000, 0x0000000100000000)
  region size 1024K, 24 young (24576K), 6 survivors (6144K)
 Metaspace       used 21190K, committed 21504K, reserved 1114112K
  class space    used 2518K, committed 2624K, reserved 1048576K
}
Event: 1.710 GC heap after
{Heap after GC invocations=4 (full 0):
 garbage-first heap   total 129024K, used 20418K [0x0000000080000000, 0x0000000100000000)
  region size 1024K, 3 young (3072K), 3 survivors (3072K)
 Metaspace       used 21190K, committed 21504K, reserved 1114112K
  class space    used 2518K, committed 2624K, reserved 1048576K
}
Event: 2.332 GC heap before
{Heap before GC invocations=5 (full 0):
 garbage-first heap   total 71680K, used 59330K [0x0000000080000000, 0x0000000100000000)
  region size 1024K, 42 young (43008K), 3 survivors (3072K)
 Metaspace       used 28128K, committed 28608K, reserved 1114112K
  class space    used 3628K, committed 3840K, reserved 1048576K
}
Event: 2.336 GC heap after
{Heap after GC invocations=6 (full 0):
 garbage-first heap   total 71680K, used 22192K [0x0000000080000000, 0x0000000100000000)
  region size 1024K, 4 young (4096K), 4 survivors (4096K)
 Metaspace       used 28128K, committed 28608K, reserved 1114112K
  class space    used 3628K, committed 3840K, reserved 1048576K
}
Event: 2.750 GC heap before
{Heap before GC invocations=6 (full 0):
 garbage-first heap   total 71680K, used 55984K [0x0000000080000000, 0x0000000100000000)
  region size 1024K, 38 young (38912K), 4 survivors (4096K)
 Metaspace       used 32651K, committed 33344K, reserved 1114112K
  class space    used 4442K, committed 4736K, reserved 1048576K
}
Event: 2.757 GC heap after
{Heap after GC invocations=7 (full 0):
 garbage-first heap   total 71680K, used 24792K [0x0000000080000000, 0x0000000100000000)
  region size 1024K, 5 young (5120K), 5 survivors (5120K)
 Metaspace       used 32651K, committed 33344K, reserved 1114112K
  class space    used 4442K, committed 4736K, reserved 1048576K
}
Event: 2.980 GC heap before
{Heap before GC invocations=7 (full 0):
 garbage-first heap   total 71680K, used 42200K [0x0000000080000000, 0x0000000100000000)
  region size 1024K, 23 young (23552K), 5 survivors (5120K)
 Metaspace       used 35195K, committed 35968K, reserved 1114112K
  class space    used 4898K, committed 5248K, reserved 1048576K
}
Event: 2.983 GC heap after
{Heap after GC invocations=8 (full 0):
 garbage-first heap   total 86016K, used 26061K [0x0000000080000000, 0x0000000100000000)
  region size 1024K, 2 young (2048K), 2 survivors (2048K)
 Metaspace       used 35195K, committed 35968K, reserved 1114112K
  class space    used 4898K, committed 5248K, reserved 1048576K
}
Event: 3.447 GC heap before
{Heap before GC invocations=9 (full 0):
 garbage-first heap   total 86016K, used 83405K [0x0000000080000000, 0x0000000100000000)
  region size 1024K, 31 young (31744K), 2 survivors (2048K)
 Metaspace       used 38219K, committed 39040K, reserved 1114112K
  class space    used 5374K, committed 5760K, reserved 1048576K
}
Event: 3.452 GC heap after
{Heap after GC invocations=10 (full 0):
 garbage-first heap   total 93184K, used 61259K [0x0000000080000000, 0x0000000100000000)
  region size 1024K, 6 young (6144K), 6 survivors (6144K)
 Metaspace       used 38219K, committed 39040K, reserved 1114112K
  class space    used 5374K, committed 5760K, reserved 1048576K
}
Event: 3.846 GC heap before
{Heap before GC invocations=10 (full 0):
 garbage-first heap   total 93184K, used 80715K [0x0000000080000000, 0x0000000100000000)
  region size 1024K, 25 young (25600K), 6 survivors (6144K)
 Metaspace       used 41078K, committed 42048K, reserved 1114112K
  class space    used 5855K, committed 6336K, reserved 1048576K
}
Event: 3.851 GC heap after
{Heap after GC invocations=11 (full 0):
 garbage-first heap   total 93184K, used 62537K [0x0000000080000000, 0x0000000100000000)
  region size 1024K, 2 young (2048K), 2 survivors (2048K)
 Metaspace       used 41078K, committed 42048K, reserved 1114112K
  class space    used 5855K, committed 6336K, reserved 1048576K
}
Event: 4.269 GC heap before
{Heap before GC invocations=11 (full 0):
 garbage-first heap   total 93184K, used 83017K [0x0000000080000000, 0x0000000100000000)
  region size 1024K, 23 young (23552K), 2 survivors (2048K)
 Metaspace       used 46066K, committed 46976K, reserved 1114112K
  class space    used 6363K, committed 6784K, reserved 1048576K
}
Event: 4.272 GC heap after
{Heap after GC invocations=12 (full 0):
 garbage-first heap   total 93184K, used 65797K [0x0000000080000000, 0x0000000100000000)
  region size 1024K, 3 young (3072K), 3 survivors (3072K)
 Metaspace       used 46066K, committed 46976K, reserved 1114112K
  class space    used 6363K, committed 6784K, reserved 1048576K
}

