# JRE version: OpenJDK Runtime Environment (21.0.8) (build 21.0.8+-14018985-b1038.68)
# Java VM: OpenJDK 64-Bit Server VM (21.0.8+-14018985-b1038.68, mixed mode, tiered, compressed oops, compressed class ptrs, g1 gc, windows-amd64)
GC Precious Log:
 CardTable entry size: 512
 Card Set container configuration: InlinePtr #cards 5 size 8 Array Of Cards #cards 12 size 40 Howl #buckets 4 coarsen threshold 1843 Howl Bitmap #cards 512 size 80 coarsen threshold 460 Card regions per heap region 1 cards per card region 2048
 CPUs: 12 total, 12 available
 Memory: 7955M
 Large Page Support: Disabled
 NUMA Support: Disabled
 Compressed Oops: Enabled (32-bit)
 Heap Region Size: 1M
 Heap Min Capacity: 8M
 Heap Initial Capacity: 126M
 Heap Max Capacity: 2G
 Pre-touch: Disabled
 Parallel Workers: 10
 Concurrent Workers: 3
 Concurrent Refinement Workers: 10
 Periodic GC: Disabled
Heap:
 garbage-first heap   total 93184K, used 62647K [0x0000000080000000, 0x0000000100000000)
  region size 1024K, 3 young (3072K), 2 survivors (2048K)
 Metaspace       used 41200K, committed 42176K, reserved 1114112K
  class space    used 5873K, committed 6336K, reserved 1048576K
GC Heap History (16 events):
Event: 0.408 GC heap before
{Heap before GC invocations=0 (full 0):
 garbage-first heap   total 129024K, used 22528K [0x0000000080000000, 0x0000000100000000)
  region size 1024K, 23 young (23552K), 0 survivors (0K)
 Metaspace       used 8112K, committed 8256K, reserved 1114112K
  class space    used 749K, committed 832K, reserved 1048576K
}
Event: 0.410 GC heap after
{Heap after GC invocations=1 (full 0):
 garbage-first heap   total 129024K, used 2367K [0x0000000080000000, 0x0000000100000000)
  region size 1024K, 3 young (3072K), 3 survivors (3072K)
 Metaspace       used 8112K, committed 8256K, reserved 1114112K
  class space    used 749K, committed 832K, reserved 1048576K
}
Event: 0.863 GC heap before
{Heap before GC invocations=1 (full 0):
 garbage-first heap   total 129024K, used 41279K [0x0000000080000000, 0x0000000100000000)
  region size 1024K, 39 young (39936K), 3 survivors (3072K)
 Metaspace       used 12361K, committed 12608K, reserved 1114112K
  class space    used 1354K, committed 1472K, reserved 1048576K
}
Event: 0.870 GC heap after
{Heap after GC invocations=2 (full 0):
 garbage-first heap   total 129024K, used 11264K [0x0000000080000000, 0x0000000100000000)
  region size 1024K, 5 young (5120K), 5 survivors (5120K)
 Metaspace       used 12361K, committed 12608K, reserved 1114112K
  class space    used 1354K, committed 1472K, reserved 1048576K
}
Event: 1.305 GC heap before
{Heap before GC invocations=2 (full 0):
 garbage-first heap   total 129024K, used 62464K [0x0000000080000000, 0x0000000100000000)
  region size 1024K, 53 young (54272K), 5 survivors (5120K)
 Metaspace       used 15556K, committed 15872K, reserved 1114112K
  class space    used 1793K, committed 1920K, reserved 1048576K
}
Event: 1.310 GC heap after
{Heap after GC invocations=3 (full 0):
 garbage-first heap   total 129024K, used 18315K [0x0000000080000000, 0x0000000100000000)
  region size 1024K, 6 young (6144K), 6 survivors (6144K)
 Metaspace       used 15556K, committed 15872K, reserved 1114112K
  class space    used 1793K, committed 1920K, reserved 1048576K
}
Event: 1.588 GC heap before
{Heap before GC invocations=3 (full 0):
 garbage-first heap   total 129024K, used 34699K [0x0000000080000000, 0x0000000100000000)
  region size 1024K, 24 young (24576K), 6 survivors (6144K)
 Metaspace       used 21194K, committed 21504K, reserved 1114112K
  class space    used 2517K, committed 2624K, reserved 1048576K
}
Event: 1.591 GC heap after
{Heap after GC invocations=4 (full 0):
 garbage-first heap   total 129024K, used 20462K [0x0000000080000000, 0x0000000100000000)
  region size 1024K, 3 young (3072K), 3 survivors (3072K)
 Metaspace       used 21194K, committed 21504K, reserved 1114112K
  class space    used 2517K, committed 2624K, reserved 1048576K
}
Event: 2.046 GC heap before
{Heap before GC invocations=5 (full 0):
 garbage-first heap   total 71680K, used 59374K [0x0000000080000000, 0x0000000100000000)
  region size 1024K, 42 young (43008K), 3 survivors (3072K)
 Metaspace       used 28106K, committed 28608K, reserved 1114112K
  class space    used 3614K, committed 3840K, reserved 1048576K
}
Event: 2.050 GC heap after
{Heap after GC invocations=6 (full 0):
 garbage-first heap   total 71680K, used 22268K [0x0000000080000000, 0x0000000100000000)
  region size 1024K, 5 young (5120K), 5 survivors (5120K)
 Metaspace       used 28106K, committed 28608K, reserved 1114112K
  class space    used 3614K, committed 3840K, reserved 1048576K
}
Event: 2.484 GC heap before
{Heap before GC invocations=6 (full 0):
 garbage-first heap   total 71680K, used 56060K [0x0000000080000000, 0x0000000100000000)
  region size 1024K, 39 young (39936K), 5 survivors (5120K)
 Metaspace       used 32633K, committed 33280K, reserved 1114112K
  class space    used 4437K, committed 4736K, reserved 1048576K
}
Event: 2.489 GC heap after
{Heap after GC invocations=7 (full 0):
 garbage-first heap   total 71680K, used 24780K [0x0000000080000000, 0x0000000100000000)
  region size 1024K, 5 young (5120K), 5 survivors (5120K)
 Metaspace       used 32633K, committed 33280K, reserved 1114112K
  class space    used 4437K, committed 4736K, reserved 1048576K
}
Event: 2.656 GC heap before
{Heap before GC invocations=7 (full 0):
 garbage-first heap   total 71680K, used 42188K [0x0000000080000000, 0x0000000100000000)
  region size 1024K, 23 young (23552K), 5 survivors (5120K)
 Metaspace       used 35207K, committed 35968K, reserved 1114112K
  class space    used 4898K, committed 5248K, reserved 1048576K
}
Event: 2.662 GC heap after
{Heap after GC invocations=8 (full 0):
 garbage-first heap   total 86016K, used 25893K [0x0000000080000000, 0x0000000100000000)
  region size 1024K, 2 young (2048K), 2 survivors (2048K)
 Metaspace       used 35207K, committed 35968K, reserved 1114112K
  class space    used 4898K, committed 5248K, reserved 1048576K
}
Event: 3.149 GC heap before
{Heap before GC invocations=9 (full 0):
 garbage-first heap   total 86016K, used 83237K [0x0000000080000000, 0x0000000100000000)
  region size 1024K, 31 young (31744K), 2 survivors (2048K)
 Metaspace       used 38227K, committed 39104K, reserved 1114112K
  class space    used 5371K, committed 5760K, reserved 1048576K
}
Event: 3.153 GC heap after
{Heap after GC invocations=10 (full 0):
 garbage-first heap   total 93184K, used 61071K [0x0000000080000000, 0x0000000100000000)
  region size 1024K, 6 young (6144K), 6 survivors (6144K)
 Metaspace       used 38227K, committed 39104K, reserved 1114112K
  class space    used 5371K, committed 5760K, reserved 1048576K
}

